[pod/prometheus-gpuaddon-prometheus-0/prometheus] ts=2023-03-02T16:14:11.128Z caller=main.go:552 level=info msg="Starting Prometheus Server" mode=server version="(version=2.36.2, branch=rhaos-4.11-rhel-8, revision=e49137151c14984afd596d77c865de10a2d1c0fb)"
[pod/prometheus-gpuaddon-prometheus-0/prometheus] ts=2023-03-02T16:14:11.128Z caller=main.go:557 level=info build_context="(go=go1.18.4, user=root@d300d7450dc1, date=20221025-09:48:11)"
[pod/prometheus-gpuaddon-prometheus-0/prometheus] ts=2023-03-02T16:14:11.128Z caller=main.go:558 level=info host_details="(Linux 4.18.0-305.76.1.el8_4.x86_64 #1 SMP Thu Jan 12 10:05:36 EST 2023 x86_64 prometheus-gpuaddon-prometheus-0 (none))"
[pod/prometheus-gpuaddon-prometheus-0/prometheus] ts=2023-03-02T16:14:11.128Z caller=main.go:559 level=info fd_limits="(soft=1048576, hard=1048576)"
[pod/prometheus-gpuaddon-prometheus-0/prometheus] ts=2023-03-02T16:14:11.129Z caller=main.go:560 level=info vm_limits="(soft=unlimited, hard=unlimited)"
[pod/prometheus-gpuaddon-prometheus-0/prometheus] ts=2023-03-02T16:14:11.175Z caller=web.go:553 level=info component=web msg="Start listening for connections" address=127.0.0.1:9090
[pod/prometheus-gpuaddon-prometheus-0/prometheus] ts=2023-03-02T16:14:11.175Z caller=main.go:989 level=info msg="Starting TSDB ..."
[pod/prometheus-gpuaddon-prometheus-0/prometheus] ts=2023-03-02T16:14:11.205Z caller=tls_config.go:231 level=info component=web msg="TLS is disabled." http2=false
[pod/prometheus-gpuaddon-prometheus-0/prometheus] ts=2023-03-02T16:14:11.207Z caller=repair.go:56 level=info component=tsdb msg="Found healthy block" mint=1677674310111 maxt=1677679200000 ulid=01GTEX6GE30QR61DWR1KZ96MFH
[pod/prometheus-gpuaddon-prometheus-0/prometheus] ts=2023-03-02T16:14:11.211Z caller=repair.go:56 level=info component=tsdb msg="Found healthy block" mint=1677679200111 maxt=1677686400000 ulid=01GTF1VQTK7391VCG91AZCA8XQ
[pod/prometheus-gpuaddon-prometheus-0/prometheus] ts=2023-03-02T16:14:11.216Z caller=repair.go:56 level=info component=tsdb msg="Found healthy block" mint=1677686400111 maxt=1677693600000 ulid=01GTF8QF2KP8NTSDZ2WHR24KB6
[pod/prometheus-gpuaddon-prometheus-0/prometheus] ts=2023-03-02T16:14:11.221Z caller=repair.go:56 level=info component=tsdb msg="Found healthy block" mint=1677693600111 maxt=1677700800000 ulid=01GTFFK6AK45MC6BAAM92NWFN5
[pod/prometheus-gpuaddon-prometheus-0/prometheus] ts=2023-03-02T16:14:11.242Z caller=repair.go:56 level=info component=tsdb msg="Found healthy block" mint=1677700800111 maxt=1677708000000 ulid=01GTFPEXJKGJQ81C5839REH0GQ
[pod/prometheus-gpuaddon-prometheus-0/prometheus] ts=2023-03-02T16:14:11.245Z caller=repair.go:56 level=info component=tsdb msg="Found healthy block" mint=1677708000111 maxt=1677715200000 ulid=01GTFXAMTJ36Y3B02EFM6Y6ZS9
[pod/prometheus-gpuaddon-prometheus-0/prometheus] ts=2023-03-02T16:14:11.278Z caller=repair.go:56 level=info component=tsdb msg="Found healthy block" mint=1677715200111 maxt=1677722400000 ulid=01GTG46C2JVDZ7JA2H0T7BQMTS
[pod/prometheus-gpuaddon-prometheus-0/prometheus] ts=2023-03-02T16:14:11.282Z caller=repair.go:56 level=info component=tsdb msg="Found healthy block" mint=1677722400111 maxt=1677729600000 ulid=01GTGB23AJS7MH0RY0WFZH3ZXY
[pod/prometheus-gpuaddon-prometheus-0/prometheus] ts=2023-03-02T16:14:11.648Z caller=head.go:493 level=info component=tsdb msg="Replaying on-disk memory mappable chunks if any"
[pod/prometheus-gpuaddon-prometheus-0/prometheus] ts=2023-03-02T16:14:11.678Z caller=head.go:536 level=info component=tsdb msg="On-disk memory mappable chunks replay completed" duration=30.092308ms
[pod/prometheus-gpuaddon-prometheus-0/prometheus] ts=2023-03-02T16:14:11.678Z caller=head.go:542 level=info component=tsdb msg="Replaying WAL, this may take a while"
[pod/prometheus-gpuaddon-prometheus-0/prometheus] ts=2023-03-02T16:14:11.796Z caller=head.go:578 level=info component=tsdb msg="WAL checkpoint loaded"
[pod/prometheus-gpuaddon-prometheus-0/prometheus] ts=2023-03-02T16:14:11.979Z caller=head.go:613 level=info component=tsdb msg="WAL segment loaded" segment=6 maxSegment=9
[pod/prometheus-gpuaddon-prometheus-0/prometheus] ts=2023-03-02T16:14:12.071Z caller=head.go:613 level=info component=tsdb msg="WAL segment loaded" segment=7 maxSegment=9
[pod/prometheus-gpuaddon-prometheus-0/prometheus] ts=2023-03-02T16:14:12.097Z caller=head.go:613 level=info component=tsdb msg="WAL segment loaded" segment=8 maxSegment=9
[pod/prometheus-gpuaddon-prometheus-0/prometheus] ts=2023-03-02T16:14:12.097Z caller=head.go:613 level=info component=tsdb msg="WAL segment loaded" segment=9 maxSegment=9
[pod/prometheus-gpuaddon-prometheus-0/prometheus] ts=2023-03-02T16:14:12.097Z caller=head.go:619 level=info component=tsdb msg="WAL replay completed" checkpoint_replay_duration=118.387677ms wal_replay_duration=300.783523ms total_replay_duration=449.317452ms
[pod/prometheus-gpuaddon-prometheus-0/prometheus] ts=2023-03-02T16:14:12.099Z caller=main.go:1010 level=info fs_type=XFS_SUPER_MAGIC
[pod/prometheus-gpuaddon-prometheus-0/prometheus] ts=2023-03-02T16:14:12.099Z caller=main.go:1013 level=info msg="TSDB started"
[pod/prometheus-gpuaddon-prometheus-0/prometheus] ts=2023-03-02T16:14:12.099Z caller=main.go:1194 level=info msg="Loading configuration file" filename=/etc/prometheus/config_out/prometheus.env.yaml
[pod/prometheus-gpuaddon-prometheus-0/prometheus] ts=2023-03-02T16:14:12.101Z caller=kubernetes.go:325 level=info component="discovery manager scrape" discovery=kubernetes msg="Using pod service account via in-cluster config"
[pod/prometheus-gpuaddon-prometheus-0/prometheus] ts=2023-03-02T16:14:12.571Z caller=kubernetes.go:325 level=info component="discovery manager notify" discovery=kubernetes msg="Using pod service account via in-cluster config"
[pod/prometheus-gpuaddon-prometheus-0/prometheus] ts=2023-03-02T16:14:12.571Z caller=main.go:1231 level=info msg="Completed loading of configuration file" filename=/etc/prometheus/config_out/prometheus.env.yaml totalDuration=472.060963ms db_storage=921ns remote_storage=1.763µs web_handler=638ns query_engine=1.096µs scrape=221.849µs scrape_sd=459.252764ms notify=24.596µs notify_sd=10.840599ms rules=2.554µs tracing=16.434µs
[pod/prometheus-gpuaddon-prometheus-0/prometheus] ts=2023-03-02T16:14:12.571Z caller=main.go:974 level=info msg="Server is ready to receive web requests."
[pod/prometheus-gpuaddon-prometheus-0/prometheus] ts=2023-03-02T16:14:12.571Z caller=manager.go:937 level=info component="rule manager" msg="Starting rule manager..."
[pod/prometheus-gpuaddon-prometheus-0/prometheus] ts=2023-03-02T16:14:12.572Z caller=main.go:1194 level=info msg="Loading configuration file" filename=/etc/prometheus/config_out/prometheus.env.yaml
[pod/prometheus-gpuaddon-prometheus-0/prometheus] ts=2023-03-02T16:14:12.576Z caller=kubernetes.go:325 level=info component="discovery manager scrape" discovery=kubernetes msg="Using pod service account via in-cluster config"
[pod/prometheus-gpuaddon-prometheus-0/prometheus] ts=2023-03-02T16:14:12.576Z caller=kubernetes.go:325 level=info component="discovery manager notify" discovery=kubernetes msg="Using pod service account via in-cluster config"
[pod/prometheus-gpuaddon-prometheus-0/prometheus] ts=2023-03-02T16:14:12.577Z caller=main.go:1231 level=info msg="Completed loading of configuration file" filename=/etc/prometheus/config_out/prometheus.env.yaml totalDuration=5.168165ms db_storage=1.529µs remote_storage=2.727µs web_handler=880ns query_engine=1.207µs scrape=100.504µs scrape_sd=589.887µs notify=18.545µs notify_sd=457.133µs rules=1.538µs tracing=4.888µs
[pod/prometheus-gpuaddon-prometheus-0/prometheus] ts=2023-03-02T16:14:21.888Z caller=compact.go:519 level=info component=tsdb msg="write block" mint=1677729600000 maxt=1677736800000 ulid=01GTHHMSMHPZ3Z9CFTN5HZS64Z duration=47.911839ms
[pod/prometheus-gpuaddon-prometheus-0/prometheus] ts=2023-03-02T16:14:21.891Z caller=head.go:840 level=info component=tsdb msg="Head GC completed" duration=2.479705ms
[pod/prometheus-gpuaddon-prometheus-0/prometheus] ts=2023-03-02T16:14:21.892Z caller=checkpoint.go:97 level=info component=tsdb msg="Creating checkpoint" from_segment=6 to_segment=7 mint=1677736800000
[pod/prometheus-gpuaddon-prometheus-0/prometheus] ts=2023-03-02T16:14:21.927Z caller=head.go:1009 level=info component=tsdb msg="WAL checkpoint complete" first=6 last=7 duration=35.392474ms
[pod/prometheus-gpuaddon-prometheus-0/config-reloader] level=info ts=2023-03-02T16:14:06.886699736Z caller=main.go:111 msg="Starting prometheus-config-reloader" version="(version=0.57.0, branch=rhaos-4.11-rhel-8, revision=4d00515)"
[pod/prometheus-gpuaddon-prometheus-0/config-reloader] level=info ts=2023-03-02T16:14:06.886747908Z caller=main.go:112 build_context="(go=go1.18.4, user=root, date=20221025-10:16:16)"
[pod/prometheus-gpuaddon-prometheus-0/config-reloader] level=info ts=2023-03-02T16:14:06.886995191Z caller=main.go:149 msg="Starting web server for metrics" listen=localhost:8080
[pod/prometheus-gpuaddon-prometheus-0/config-reloader] level=error ts=2023-03-02T16:14:06.888467922Z caller=runutil.go:101 msg="function failed. Retrying in next tick" err="trigger reload: reload request failed: Post \"http://localhost:9090/-/reload\": dial tcp [::1]:9090: connect: connection refused"
[pod/prometheus-gpuaddon-prometheus-0/config-reloader] level=info ts=2023-03-02T16:14:12.577528003Z caller=reloader.go:373 msg="Reload triggered" cfg_in=/etc/prometheus/config/prometheus.yaml.gz cfg_out=/etc/prometheus/config_out/prometheus.env.yaml watched_dirs=/etc/prometheus/rules/prometheus-gpuaddon-prometheus-rulefiles-0
[pod/prometheus-gpuaddon-prometheus-0/config-reloader] level=info ts=2023-03-02T16:14:12.577602813Z caller=reloader.go:235 msg="started watching config file and directories for changes" cfg=/etc/prometheus/config/prometheus.yaml.gz out=/etc/prometheus/config_out/prometheus.env.yaml dirs=/etc/prometheus/rules/prometheus-gpuaddon-prometheus-rulefiles-0
[pod/prometheus-gpuaddon-prometheus-0/kube-rbac-proxy] I0302 16:14:11.329889       1 main.go:151] Reading config file: /etc/kube-rbac-config/config-file.json
[pod/prometheus-gpuaddon-prometheus-0/kube-rbac-proxy] I0302 16:14:11.553748       1 main.go:181] Valid token audiences: 
[pod/prometheus-gpuaddon-prometheus-0/kube-rbac-proxy] I0302 16:14:11.553880       1 dynamic_cafile_content.go:129] Loaded a new CA Bundle and Verifier for "client-ca::/var/run/secrets/kubernetes.io/serviceaccount/service-ca.crt"
[pod/prometheus-gpuaddon-prometheus-0/kube-rbac-proxy] I0302 16:14:11.553927       1 main.go:305] Reading certificate files
[pod/prometheus-gpuaddon-prometheus-0/kube-rbac-proxy] I0302 16:14:11.553994       1 dynamic_cafile_content.go:167] Starting client-ca::/var/run/secrets/kubernetes.io/serviceaccount/service-ca.crt
[pod/prometheus-gpuaddon-prometheus-0/kube-rbac-proxy] I0302 16:14:11.557822       1 reloader.go:98] reloading key /etc/tls-secret/tls.key certificate /etc/tls-secret/tls.crt
[pod/prometheus-gpuaddon-prometheus-0/kube-rbac-proxy] I0302 16:14:11.558070       1 main.go:339] Starting TCP socket on 0.0.0.0:9339
[pod/prometheus-gpuaddon-prometheus-0/kube-rbac-proxy] I0302 16:14:11.558432       1 main.go:346] Listening securely on 0.0.0.0:9339
[pod/prometheus-gpuaddon-prometheus-0/init-config-reloader] level=info ts=2023-03-02T16:14:04.620072731Z caller=main.go:111 msg="Starting prometheus-config-reloader" version="(version=0.57.0, branch=rhaos-4.11-rhel-8, revision=4d00515)"
[pod/prometheus-gpuaddon-prometheus-0/init-config-reloader] level=info ts=2023-03-02T16:14:04.623468687Z caller=main.go:112 build_context="(go=go1.18.4, user=root, date=20221025-10:16:16)"
