[pod/nvidia-node-status-exporter-qxfw2/nvidia-node-status-exporter] time="2023-03-02T16:13:39Z" level=info msg="Running the metrics server, listening on :8000/metrics"
[pod/nvidia-node-status-exporter-qxfw2/nvidia-node-status-exporter] time="2023-03-02T16:13:39Z" level=info msg="metrics: StatusFile: watching cuda-ready"
[pod/nvidia-node-status-exporter-qxfw2/nvidia-node-status-exporter] time="2023-03-02T16:13:39Z" level=info msg="metrics: StatusFile: watching plugin-ready"
[pod/nvidia-node-status-exporter-qxfw2/nvidia-node-status-exporter] time="2023-03-02T16:13:39Z" level=info msg="metrics: StatusFile: watching driver-ready"
[pod/nvidia-node-status-exporter-qxfw2/nvidia-node-status-exporter] time="2023-03-02T16:13:39Z" level=info msg="metrics: StatusFile: watching toolkit-ready"
[pod/nvidia-node-status-exporter-qxfw2/nvidia-node-status-exporter] time="2023-03-02T16:13:39Z" level=info msg="Driver is not pre-installed on the host. Checking driver container status."
[pod/nvidia-node-status-exporter-qxfw2/nvidia-node-status-exporter] time="2023-03-02T16:13:39Z" level=info msg="metrics: DevicePlugin validation: node name is ip-10-0-193-255.us-east-2.compute.internal"
[pod/nvidia-node-status-exporter-qxfw2/nvidia-node-status-exporter] time="2023-03-02T16:13:39Z" level=info msg="metrics: DevicePlugin validation: found 0 GPUs exposed by the DevicePlugin"
[pod/nvidia-node-status-exporter-qxfw2/nvidia-node-status-exporter] time="2023-03-02T16:13:39Z" level=info msg="metrics: PCI devices: found 1 NVIDIA device"
[pod/nvidia-node-status-exporter-qxfw2/nvidia-node-status-exporter] time="2023-03-02T16:14:39Z" level=info msg="Driver is not pre-installed on the host. Checking driver container status."
[pod/nvidia-node-status-exporter-qxfw2/nvidia-node-status-exporter] time="2023-03-02T16:15:39Z" level=info msg="metrics: StatusFile: 'toolkit-ready' is ready"
[pod/nvidia-node-status-exporter-qxfw2/nvidia-node-status-exporter] time="2023-03-02T16:15:39Z" level=info msg="metrics: StatusFile: 'driver-ready' is ready"
[pod/nvidia-node-status-exporter-qxfw2/nvidia-node-status-exporter] time="2023-03-02T16:15:39Z" level=info msg="Driver is not pre-installed on the host. Checking driver container status."
[pod/nvidia-node-status-exporter-qxfw2/nvidia-node-status-exporter] time="2023-03-02T16:16:09Z" level=info msg="metrics: StatusFile: 'cuda-ready' is ready"
[pod/nvidia-node-status-exporter-qxfw2/nvidia-node-status-exporter] time="2023-03-02T16:16:09Z" level=info msg="metrics: StatusFile: 'plugin-ready' is ready"
[pod/nvidia-node-status-exporter-qxfw2/nvidia-node-status-exporter] time="2023-03-02T16:16:09Z" level=info msg="metrics: DevicePlugin validation: found 1 GPUs exposed by the DevicePlugin"
[pod/nvidia-node-status-exporter-qxfw2/nvidia-node-status-exporter] time="2023-03-02T16:16:39Z" level=info msg="Driver is not pre-installed on the host. Checking driver container status."
[pod/nvidia-node-status-exporter-qxfw2/nvidia-node-status-exporter] time="2023-03-02T16:17:39Z" level=info msg="Driver is not pre-installed on the host. Checking driver container status."
[pod/nvidia-node-status-exporter-qxfw2/nvidia-node-status-exporter] time="2023-03-02T16:18:39Z" level=info msg="Driver is not pre-installed on the host. Checking driver container status."
[pod/nvidia-node-status-exporter-qxfw2/nvidia-node-status-exporter] time="2023-03-02T16:19:39Z" level=info msg="Driver is not pre-installed on the host. Checking driver container status."
[pod/nvidia-node-status-exporter-qxfw2/nvidia-node-status-exporter] time="2023-03-02T16:20:40Z" level=info msg="Driver is not pre-installed on the host. Checking driver container status."
[pod/nvidia-node-status-exporter-qxfw2/nvidia-node-status-exporter] time="2023-03-02T16:21:40Z" level=info msg="Driver is not pre-installed on the host. Checking driver container status."
[pod/nvidia-node-status-exporter-qxfw2/nvidia-node-status-exporter] time="2023-03-02T16:22:40Z" level=info msg="Driver is not pre-installed on the host. Checking driver container status."
[pod/nvidia-node-status-exporter-qxfw2/nvidia-node-status-exporter] time="2023-03-02T16:23:40Z" level=info msg="Driver is not pre-installed on the host. Checking driver container status."
[pod/nvidia-node-status-exporter-qxfw2/nvidia-node-status-exporter] time="2023-03-02T16:24:40Z" level=info msg="Driver is not pre-installed on the host. Checking driver container status."
[pod/nvidia-node-status-exporter-qxfw2/nvidia-node-status-exporter] time="2023-03-02T16:25:40Z" level=info msg="Driver is not pre-installed on the host. Checking driver container status."
[pod/nvidia-node-status-exporter-qxfw2/nvidia-node-status-exporter] time="2023-03-02T16:26:40Z" level=info msg="Driver is not pre-installed on the host. Checking driver container status."
[pod/nvidia-node-status-exporter-qxfw2/nvidia-node-status-exporter] time="2023-03-02T16:27:40Z" level=info msg="Driver is not pre-installed on the host. Checking driver container status."
[pod/nvidia-node-status-exporter-qxfw2/nvidia-node-status-exporter] time="2023-03-02T16:28:41Z" level=info msg="Driver is not pre-installed on the host. Checking driver container status."
[pod/nvidia-node-status-exporter-qxfw2/nvidia-node-status-exporter] time="2023-03-02T16:29:41Z" level=info msg="Driver is not pre-installed on the host. Checking driver container status."
[pod/nvidia-node-status-exporter-qxfw2/nvidia-node-status-exporter] time="2023-03-02T16:30:41Z" level=info msg="Driver is not pre-installed on the host. Checking driver container status."
[pod/nvidia-node-status-exporter-qxfw2/nvidia-node-status-exporter] time="2023-03-02T16:31:41Z" level=info msg="Driver is not pre-installed on the host. Checking driver container status."
[pod/nvidia-node-status-exporter-qxfw2/nvidia-node-status-exporter] time="2023-03-02T16:32:41Z" level=info msg="Driver is not pre-installed on the host. Checking driver container status."
[pod/nvidia-node-status-exporter-qxfw2/nvidia-node-status-exporter] time="2023-03-02T16:33:41Z" level=info msg="Driver is not pre-installed on the host. Checking driver container status."
[pod/nvidia-node-status-exporter-qxfw2/nvidia-node-status-exporter] time="2023-03-02T16:34:41Z" level=info msg="Driver is not pre-installed on the host. Checking driver container status."
[pod/nvidia-node-status-exporter-qxfw2/nvidia-node-status-exporter] time="2023-03-02T16:35:41Z" level=info msg="Driver is not pre-installed on the host. Checking driver container status."
[pod/nvidia-node-status-exporter-qxfw2/nvidia-node-status-exporter] time="2023-03-02T16:36:42Z" level=info msg="Driver is not pre-installed on the host. Checking driver container status."
[pod/nvidia-node-status-exporter-qxfw2/nvidia-node-status-exporter] time="2023-03-02T16:37:42Z" level=info msg="Driver is not pre-installed on the host. Checking driver container status."
[pod/nvidia-node-status-exporter-qxfw2/nvidia-node-status-exporter] time="2023-03-02T16:38:42Z" level=info msg="Driver is not pre-installed on the host. Checking driver container status."
